(CPlot) @0x41cc160

 Use: MakeCanvas(name,title)
 InitSubPad(pad,nPad)
 InitHist(hist,xTitle,yTitle,color)


Processing ReformatRunAllHadronicSelectionOutForTnP.C+("listDilData.txt","Data_TnPRTTTempl_2TL_1BJ_3J_MET40_Mar32017.root","35.867","0.9078809389","",true,false)...
input listDilData.txt
outfilename Data_TnPRTTTempl_2TL_1BJ_3J_MET40_Mar32017.root
LUMI 35.867
NORMTODATA 0.907881
processforTnP 
isData 1
isSemiLepSelection 0
Adding ../../../baconbits/baconbits_2Tmu_1BJ_3J_RTT_Mar22017/SingleMuon_Run2016-ReReco_allhadrbits.root
semilep 0
singlelepdata 3
intree->GetEntries() 55352
Adding ../../../baconbits/baconbits_2Tele_1BJ_3J_RTT_Mar22017/SingleElectron_Run2016-ReReco_allhadrbits.root
semilep 0
singlelepdata 4
intree->GetEntries() 28318
Adding ../../../baconbits/baconbits_1Tmu1Tele_1BJ_3J_RTT_Mar22017/SingleMuon_Run2016-ReReco_allhadrbits.root
semilep 0
singlelepdata 5
intree->GetEntries() 43101
Adding ../../../baconbits/baconbits_1Tmu1Tele_1BJ_3J_RTT_Mar22017/SingleElectron_Run2016-ReReco_allhadrbits.root
semilep 0
singlelepdata 5
intree->GetEntries() 41996

 <> Data_TnPRTTTempl_2TL_1BJ_3J_MET40_Mar32017.root created!

 nentries 78785
 neventsv   78785.00
ReformatRunAllHadronicSelectionOutForTnP: Real Time =   3.31 seconds Cpu Time =   2.98 seconds
(CPlot) @0x37fe930

 Use: MakeCanvas(name,title)
 InitSubPad(pad,nPad)
 InitHist(hist,xTitle,yTitle,color)


Processing ReformatRunAllHadronicSelectionOutForTnP.C+("listDilBkg2.txt","Bkg2_TnPRTTTempl_2TL_1BJ_3J_MET40_Mar32017.root","35.867","0.9078809389","",false,false)...
input listDilBkg2.txt
outfilename Bkg2_TnPRTTTempl_2TL_1BJ_3J_MET40_Mar32017.root
LUMI 35.867
NORMTODATA 0.907881
processforTnP 
isData 0
isSemiLepSelection 0
Adding ../../../baconbits/baconbits_2Tmu_1BJ_3J_RTT_Mar22017/Summer16_WWToLNuQQ_powheg_allhadrbits.root
semilep 0
singlelepdata 3
intree->GetEntries() 0
Adding ../../../baconbits/baconbits_2Tele_1BJ_3J_RTT_Mar22017/Summer16_WWToLNuQQ_powheg_allhadrbits.root
semilep 0
singlelepdata 4
intree->GetEntries() 2
Adding ../../../baconbits/baconbits_1Tmu1Tele_1BJ_3J_RTT_Mar22017/Summer16_WWToLNuQQ_powheg_allhadrbits.root
semilep 0
singlelepdata 5
intree->GetEntries() 3
Adding ../../../baconbits/baconbits_2Tmu_1BJ_3J_RTT_Mar22017/Summer16_WWTo2L2Nu_powheg_allhadrbits.root
semilep 0
singlelepdata 3
intree->GetEntries() 179
Adding ../../../baconbits/baconbits_2Tele_1BJ_3J_RTT_Mar22017/Summer16_WWTo2L2Nu_powheg_allhadrbits.root
semilep 0
singlelepdata 4
intree->GetEntries() 112
Adding ../../../baconbits/baconbits_1Tmu1Tele_1BJ_3J_RTT_Mar22017/Summer16_WWTo2L2Nu_powheg_allhadrbits.root
semilep 0
singlelepdata 5
intree->GetEntries() 265
Adding ../../../baconbits/baconbits_2Tmu_1BJ_3J_RTT_Mar22017/Summer16_WWTo4Q_powheg_allhadrbits.root
semilep 0
singlelepdata 3
intree->GetEntries() 0
Adding ../../../baconbits/baconbits_2Tele_1BJ_3J_RTT_Mar22017/Summer16_WWTo4Q_powheg_allhadrbits.root
semilep 0
singlelepdata 4
intree->GetEntries() 0
Adding ../../../baconbits/baconbits_1Tmu1Tele_1BJ_3J_RTT_Mar22017/Summer16_WWTo4Q_powheg_allhadrbits.root
semilep 0
singlelepdata 5
intree->GetEntries() 0
Adding ../../../baconbits/baconbits_2Tmu_1BJ_3J_RTT_Mar22017/Summer16_WZTo1L1Nu2Q_amcatnlo_allhadrbits.root
semilep 0
singlelepdata 3
intree->GetEntries() 50
Adding ../../../baconbits/baconbits_2Tele_1BJ_3J_RTT_Mar22017/Summer16_WZTo1L1Nu2Q_amcatnlo_allhadrbits.root
semilep 0
singlelepdata 4
intree->GetEntries() 24
Adding ../../../baconbits/baconbits_1Tmu1Tele_1BJ_3J_RTT_Mar22017/Summer16_WZTo1L1Nu2Q_amcatnlo_allhadrbits.root
semilep 0
singlelepdata 5
intree->GetEntries() 75
Adding ../../../baconbits/baconbits_2Tmu_1BJ_3J_RTT_Mar22017/Summer16_WZTo1L3Nu_amcatnlo_allhadrbits.root
semilep 0
singlelepdata 3
intree->GetEntries() 1
Adding ../../../baconbits/baconbits_2Tele_1BJ_3J_RTT_Mar22017/Summer16_WZTo1L3Nu_amcatnlo_allhadrbits.root
semilep 0
singlelepdata 4
intree->GetEntries() 1
Adding ../../../baconbits/baconbits_1Tmu1Tele_1BJ_3J_RTT_Mar22017/Summer16_WZTo1L3Nu_amcatnlo_allhadrbits.root
semilep 0
singlelepdata 5
intree->GetEntries() 0
Adding ../../../baconbits/baconbits_2Tmu_1BJ_3J_RTT_Mar22017/Summer16_WZTo2L2Q_amcatnlo_allhadrbits.root
semilep 0
singlelepdata 3
intree->GetEntries() 50856
Adding ../../../baconbits/baconbits_2Tele_1BJ_3J_RTT_Mar22017/Summer16_WZTo2L2Q_amcatnlo_allhadrbits.root
semilep 0
singlelepdata 4
intree->GetEntries() 29202
Adding ../../../baconbits/baconbits_1Tmu1Tele_1BJ_3J_RTT_Mar22017/Summer16_WZTo2L2Q_amcatnlo_allhadrbits.root
semilep 0
singlelepdata 5
intree->GetEntries() 314
Adding ../../../baconbits/baconbits_2Tmu_1BJ_3J_RTT_Mar22017/Summer16_WZTo3LNu_powheg_allhadrbits.root
semilep 0
singlelepdata 3
intree->GetEntries() 505
Adding ../../../baconbits/baconbits_2Tele_1BJ_3J_RTT_Mar22017/Summer16_WZTo3LNu_powheg_allhadrbits.root
semilep 0
singlelepdata 4
intree->GetEntries() 357
Adding ../../../baconbits/baconbits_1Tmu1Tele_1BJ_3J_RTT_Mar22017/Summer16_WZTo3LNu_powheg_allhadrbits.root
semilep 0
singlelepdata 5
intree->GetEntries() 281
Adding ../../../baconbits/baconbits_2Tmu_1BJ_3J_RTT_Mar22017/Summer16_ZZTo2L2Nu_powheg_allhadrbits.root
semilep 0
singlelepdata 3
intree->GetEntries() 2312
Adding ../../../baconbits/baconbits_2Tele_1BJ_3J_RTT_Mar22017/Summer16_ZZTo2L2Nu_powheg_allhadrbits.root
semilep 0
singlelepdata 4
intree->GetEntries() 1316
Adding ../../../baconbits/baconbits_1Tmu1Tele_1BJ_3J_RTT_Mar22017/Summer16_ZZTo2L2Nu_powheg_allhadrbits.root
semilep 0
singlelepdata 5
intree->GetEntries() 23
Adding ../../../baconbits/baconbits_2Tmu_1BJ_3J_RTT_Mar22017/Summer16_ZZTo2L2Q_amcatnlo_allhadrbits.root
semilep 0
singlelepdata 3
intree->GetEntries() 56084
Adding ../../../baconbits/baconbits_2Tele_1BJ_3J_RTT_Mar22017/Summer16_ZZTo2L2Q_amcatnlo_allhadrbits.root
semilep 0
singlelepdata 4
intree->GetEntries() 31575
Adding ../../../baconbits/baconbits_1Tmu1Tele_1BJ_3J_RTT_Mar22017/Summer16_ZZTo2L2Q_amcatnlo_allhadrbits.root
semilep 0
singlelepdata 5
intree->GetEntries() 356
Adding ../../../baconbits/baconbits_2Tmu_1BJ_3J_RTT_Mar22017/Summer16_ZZTo2Q2Nu_amcatnlo_allhadrbits.root
semilep 0
singlelepdata 3
intree->GetEntries() 1
Adding ../../../baconbits/baconbits_2Tele_1BJ_3J_RTT_Mar22017/Summer16_ZZTo2Q2Nu_amcatnlo_allhadrbits.root
semilep 0
singlelepdata 4
intree->GetEntries() 1
Adding ../../../baconbits/baconbits_1Tmu1Tele_1BJ_3J_RTT_Mar22017/Summer16_ZZTo2Q2Nu_amcatnlo_allhadrbits.root
semilep 0
singlelepdata 5
intree->GetEntries() 0
Adding ../../../baconbits/baconbits_2Tmu_1BJ_3J_RTT_Mar22017/Summer16_ZZto4L_amcatnlo_allhadrbits.root
semilep 0
singlelepdata 3
intree->GetEntries() 3746
Adding ../../../baconbits/baconbits_2Tele_1BJ_3J_RTT_Mar22017/Summer16_ZZto4L_amcatnlo_allhadrbits.root
semilep 0
singlelepdata 4
intree->GetEntries() 2536
Adding ../../../baconbits/baconbits_1Tmu1Tele_1BJ_3J_RTT_Mar22017/Summer16_ZZto4L_amcatnlo_allhadrbits.root
semilep 0
singlelepdata 5
intree->GetEntries() 1182
Adding ../../../baconbits/baconbits_2Tmu_1BJ_3J_RTT_Mar22017/Summer16_ZZTo4Q_amcatnlo_allhadrbits.root
semilep 0
singlelepdata 3
intree->GetEntries() 3
Adding ../../../baconbits/baconbits_2Tele_1BJ_3J_RTT_Mar22017/Summer16_ZZTo4Q_amcatnlo_allhadrbits.root
semilep 0
singlelepdata 4
intree->GetEntries() 0
Adding ../../../baconbits/baconbits_1Tmu1Tele_1BJ_3J_RTT_Mar22017/Summer16_ZZTo4Q_amcatnlo_allhadrbits.root
semilep 0
singlelepdata 5
intree->GetEntries() 0
Adding ../../../baconbits/baconbits_2Tmu_1BJ_3J_RTT_Mar22017/Summer16_ST_s_channel_4f_leptonDecays_allhadrbits.root
semilep 0
singlelepdata 3
intree->GetEntries() 8
Adding ../../../baconbits/baconbits_2Tele_1BJ_3J_RTT_Mar22017/Summer16_ST_s_channel_4f_leptonDecays_allhadrbits.root
semilep 0
singlelepdata 4
intree->GetEntries() 0
Adding ../../../baconbits/baconbits_1Tmu1Tele_1BJ_3J_RTT_Mar22017/Summer16_ST_s_channel_4f_leptonDecays_allhadrbits.root
semilep 0
singlelepdata 5
intree->GetEntries() 13
Adding ../../../baconbits/baconbits_2Tmu_1BJ_3J_RTT_Mar22017/Summer16_ST_t_channel_top_4f_inclusiveDecays_TuneCUETP8M2T4_allhadrbits.root
semilep 0
singlelepdata 3
intree->GetEntries() 8
Adding ../../../baconbits/baconbits_2Tele_1BJ_3J_RTT_Mar22017/Summer16_ST_t_channel_top_4f_inclusiveDecays_TuneCUETP8M2T4_allhadrbits.root
semilep 0
singlelepdata 4
intree->GetEntries() 5
Adding ../../../baconbits/baconbits_1Tmu1Tele_1BJ_3J_RTT_Mar22017/Summer16_ST_t_channel_top_4f_inclusiveDecays_TuneCUETP8M2T4_allhadrbits.root
semilep 0
singlelepdata 5
intree->GetEntries() 11
Adding ../../../baconbits/baconbits_2Tmu_1BJ_3J_RTT_Mar22017/Summer16_ST_t_channel_antitop_4f_inclusiveDecays_TuneCUETP8M2T4_allhadrbits.root
semilep 0
singlelepdata 3
intree->GetEntries() 6
Adding ../../../baconbits/baconbits_2Tele_1BJ_3J_RTT_Mar22017/Summer16_ST_t_channel_antitop_4f_inclusiveDecays_TuneCUETP8M2T4_allhadrbits.root
semilep 0
singlelepdata 4
intree->GetEntries() 2
Adding ../../../baconbits/baconbits_1Tmu1Tele_1BJ_3J_RTT_Mar22017/Summer16_ST_t_channel_antitop_4f_inclusiveDecays_TuneCUETP8M2T4_allhadrbits.root
semilep 0
singlelepdata 5
intree->GetEntries() 5
Adding ../../../baconbits/baconbits_2Tmu_1BJ_3J_RTT_Mar22017/Summer16_ST_tW_antitop_5f_NoFullyHadronicDecays_allhadrbits.root
semilep 0
singlelepdata 3
intree->GetEntries() 5242
Adding ../../../baconbits/baconbits_2Tele_1BJ_3J_RTT_Mar22017/Summer16_ST_tW_antitop_5f_NoFullyHadronicDecays_allhadrbits.root
semilep 0
singlelepdata 4
intree->GetEntries() 2986
Adding ../../../baconbits/baconbits_1Tmu1Tele_1BJ_3J_RTT_Mar22017/Summer16_ST_tW_antitop_5f_NoFullyHadronicDecays_allhadrbits.root
semilep 0
singlelepdata 5
intree->GetEntries() 7803
Adding ../../../baconbits/baconbits_2Tmu_1BJ_3J_RTT_Mar22017/Summer16_ST_tW_top_5f_NoFullyHadronicDecays_allhadrbits.root
semilep 0
singlelepdata 3
intree->GetEntries() 4986
Adding ../../../baconbits/baconbits_2Tele_1BJ_3J_RTT_Mar22017/Summer16_ST_tW_top_5f_NoFullyHadronicDecays_allhadrbits.root
semilep 0
singlelepdata 4
intree->GetEntries() 3071
Adding ../../../baconbits/baconbits_1Tmu1Tele_1BJ_3J_RTT_Mar22017/Summer16_ST_tW_top_5f_NoFullyHadronicDecays_allhadrbits.root
semilep 0
singlelepdata 5
intree->GetEntries() 7703
Adding ../../../baconbits/baconbits_2Tmu_1BJ_3J_RTT_Mar22017/Summer16_ZJetsToNuNu_HT-100To200_allhadrbits.root
semilep 0
singlelepdata 3
intree->GetEntries() 0
Adding ../../../baconbits/baconbits_2Tele_1BJ_3J_RTT_Mar22017/Summer16_ZJetsToNuNu_HT-100To200_allhadrbits.root
semilep 0
singlelepdata 4
intree->GetEntries() 0
Adding ../../../baconbits/baconbits_1Tmu1Tele_1BJ_3J_RTT_Mar22017/Summer16_ZJetsToNuNu_HT-100To200_allhadrbits.root
semilep 0
singlelepdata 5
intree->GetEntries() 0
Adding ../../../baconbits/baconbits_2Tmu_1BJ_3J_RTT_Mar22017/Summer16_ZJetsToNuNu_HT-200To400_allhadrbits.root
semilep 0
singlelepdata 3
intree->GetEntries() 1
Adding ../../../baconbits/baconbits_2Tele_1BJ_3J_RTT_Mar22017/Summer16_ZJetsToNuNu_HT-200To400_allhadrbits.root
semilep 0
singlelepdata 4
intree->GetEntries() 0
Adding ../../../baconbits/baconbits_1Tmu1Tele_1BJ_3J_RTT_Mar22017/Summer16_ZJetsToNuNu_HT-200To400_allhadrbits.root
semilep 0
singlelepdata 5
intree->GetEntries() 0
Adding ../../../baconbits/baconbits_2Tmu_1BJ_3J_RTT_Mar22017/Summer16_ZJetsToNuNu_HT-400To600_allhadrbits.root
semilep 0
singlelepdata 3
intree->GetEntries() 2
Adding ../../../baconbits/baconbits_2Tele_1BJ_3J_RTT_Mar22017/Summer16_ZJetsToNuNu_HT-400To600_allhadrbits.root
semilep 0
singlelepdata 4
intree->GetEntries() 0
Adding ../../../baconbits/baconbits_1Tmu1Tele_1BJ_3J_RTT_Mar22017/Summer16_ZJetsToNuNu_HT-400To600_allhadrbits.root
semilep 0
singlelepdata 5
intree->GetEntries() 0
Adding ../../../baconbits/baconbits_2Tmu_1BJ_3J_RTT_Mar22017/Summer16_ZJetsToNuNu_HT-600To800_allhadrbits.root
semilep 0
singlelepdata 3
intree->GetEntries() 3
Adding ../../../baconbits/baconbits_2Tele_1BJ_3J_RTT_Mar22017/Summer16_ZJetsToNuNu_HT-600To800_allhadrbits.root
semilep 0
singlelepdata 4
intree->GetEntries() 0
Adding ../../../baconbits/baconbits_1Tmu1Tele_1BJ_3J_RTT_Mar22017/Summer16_ZJetsToNuNu_HT-600To800_allhadrbits.root
semilep 0
singlelepdata 5
intree->GetEntries() 1
Adding ../../../baconbits/baconbits_2Tmu_1BJ_3J_RTT_Mar22017/Summer16_ZJetsToNuNu_HT-800To1200_allhadrbits.root
semilep 0
singlelepdata 3
intree->GetEntries() 1
Adding ../../../baconbits/baconbits_2Tele_1BJ_3J_RTT_Mar22017/Summer16_ZJetsToNuNu_HT-800To1200_allhadrbits.root
semilep 0
singlelepdata 4
intree->GetEntries() 0
Adding ../../../baconbits/baconbits_1Tmu1Tele_1BJ_3J_RTT_Mar22017/Summer16_ZJetsToNuNu_HT-800To1200_allhadrbits.root
semilep 0
singlelepdata 5
intree->GetEntries() 0
Adding ../../../baconbits/baconbits_2Tmu_1BJ_3J_RTT_Mar22017/Summer16_ZJetsToNuNu_HT-1200To2500_allhadrbits.root
semilep 0
singlelepdata 3
intree->GetEntries() 2
Adding ../../../baconbits/baconbits_2Tele_1BJ_3J_RTT_Mar22017/Summer16_ZJetsToNuNu_HT-1200To2500_allhadrbits.root
semilep 0
singlelepdata 4
intree->GetEntries() 0
Adding ../../../baconbits/baconbits_1Tmu1Tele_1BJ_3J_RTT_Mar22017/Summer16_ZJetsToNuNu_HT-1200To2500_allhadrbits.root
semilep 0
singlelepdata 5
intree->GetEntries() 0
Adding ../../../baconbits/baconbits_2Tmu_1BJ_3J_RTT_Mar22017/Summer16_ZJetsToNuNu_HT-2500ToInf_allhadrbits.root
semilep 0
singlelepdata 3
intree->GetEntries() 1
Adding ../../../baconbits/baconbits_2Tele_1BJ_3J_RTT_Mar22017/Summer16_ZJetsToNuNu_HT-2500ToInf_allhadrbits.root
semilep 0
singlelepdata 4
intree->GetEntries() 0
Adding ../../../baconbits/baconbits_1Tmu1Tele_1BJ_3J_RTT_Mar22017/Summer16_ZJetsToNuNu_HT-2500ToInf_allhadrbits.root
semilep 0
singlelepdata 5
intree->GetEntries() 0
Adding ../../../baconbits/baconbits_2Tmu_1BJ_3J_RTT_Mar22017/Summer16_DYJetsToLL_M-50_HT-70to100_allhadrbits.root
semilep 0
singlelepdata 3
intree->GetEntries() 3038
Adding ../../../baconbits/baconbits_2Tele_1BJ_3J_RTT_Mar22017/Summer16_DYJetsToLL_M-50_HT-70to100_allhadrbits.root
semilep 0
singlelepdata 4
intree->GetEntries() 1557
Adding ../../../baconbits/baconbits_1Tmu1Tele_1BJ_3J_RTT_Mar22017/Summer16_DYJetsToLL_M-50_HT-70to100_allhadrbits.root
semilep 0
singlelepdata 5
intree->GetEntries() 3
Adding ../../../baconbits/baconbits_2Tmu_1BJ_3J_RTT_Mar22017/Summer16_DYJetsToLL_M-50_HT-100to200_allhadrbits.root
semilep 0
singlelepdata 3
intree->GetEntries() 8757
Adding ../../../baconbits/baconbits_2Tele_1BJ_3J_RTT_Mar22017/Summer16_DYJetsToLL_M-50_HT-100to200_allhadrbits.root
semilep 0
singlelepdata 4
intree->GetEntries() 4306
Adding ../../../baconbits/baconbits_1Tmu1Tele_1BJ_3J_RTT_Mar22017/Summer16_DYJetsToLL_M-50_HT-100to200_allhadrbits.root
semilep 0
singlelepdata 5
intree->GetEntries() 22
Adding ../../../baconbits/baconbits_2Tmu_1BJ_3J_RTT_Mar22017/Summer16_DYJetsToLL_M-50_HT-200to400_allhadrbits.root
semilep 0
singlelepdata 3
intree->GetEntries() 45561
Adding ../../../baconbits/baconbits_2Tele_1BJ_3J_RTT_Mar22017/Summer16_DYJetsToLL_M-50_HT-200to400_allhadrbits.root
semilep 0
singlelepdata 4
intree->GetEntries() 24886
Adding ../../../baconbits/baconbits_1Tmu1Tele_1BJ_3J_RTT_Mar22017/Summer16_DYJetsToLL_M-50_HT-200to400_allhadrbits.root
semilep 0
singlelepdata 5
intree->GetEntries() 204
Adding ../../../baconbits/baconbits_2Tmu_1BJ_3J_RTT_Mar22017/Summer16_DYJetsToLL_M-50_HT-400to600_allhadrbits.root
semilep 0
singlelepdata 3
intree->GetEntries() 16309
Adding ../../../baconbits/baconbits_2Tele_1BJ_3J_RTT_Mar22017/Summer16_DYJetsToLL_M-50_HT-400to600_allhadrbits.root
semilep 0
singlelepdata 4
intree->GetEntries() 9367
Adding ../../../baconbits/baconbits_1Tmu1Tele_1BJ_3J_RTT_Mar22017/Summer16_DYJetsToLL_M-50_HT-400to600_allhadrbits.root
semilep 0
singlelepdata 5
intree->GetEntries() 122
Adding ../../../baconbits/baconbits_2Tmu_1BJ_3J_RTT_Mar22017/Summer16_DYJetsToLL_M-50_HT-600to800_allhadrbits.root
semilep 0
singlelepdata 3
intree->GetEntries() 118663
Adding ../../../baconbits/baconbits_2Tele_1BJ_3J_RTT_Mar22017/Summer16_DYJetsToLL_M-50_HT-600to800_allhadrbits.root
semilep 0
singlelepdata 4
intree->GetEntries() 72300
Adding ../../../baconbits/baconbits_1Tmu1Tele_1BJ_3J_RTT_Mar22017/Summer16_DYJetsToLL_M-50_HT-600to800_allhadrbits.root
semilep 0
singlelepdata 5
intree->GetEntries() 1121
Adding ../../../baconbits/baconbits_2Tmu_1BJ_3J_RTT_Mar22017/Summer16_DYJetsToLL_M-50_HT-800to1200_allhadrbits.root
semilep 0
singlelepdata 3
intree->GetEntries() 45149
Adding ../../../baconbits/baconbits_2Tele_1BJ_3J_RTT_Mar22017/Summer16_DYJetsToLL_M-50_HT-800to1200_allhadrbits.root
semilep 0
singlelepdata 4
intree->GetEntries() 28225
Adding ../../../baconbits/baconbits_1Tmu1Tele_1BJ_3J_RTT_Mar22017/Summer16_DYJetsToLL_M-50_HT-800to1200_allhadrbits.root
semilep 0
singlelepdata 5
intree->GetEntries() 547
Adding ../../../baconbits/baconbits_2Tmu_1BJ_3J_RTT_Mar22017/Summer16_DYJetsToLL_M-50_HT-1200to2500_allhadrbits.root
semilep 0
singlelepdata 3
intree->GetEntries() 11881
Adding ../../../baconbits/baconbits_2Tele_1BJ_3J_RTT_Mar22017/Summer16_DYJetsToLL_M-50_HT-1200to2500_allhadrbits.root
semilep 0
singlelepdata 4
intree->GetEntries() 7515
Adding ../../../baconbits/baconbits_1Tmu1Tele_1BJ_3J_RTT_Mar22017/Summer16_DYJetsToLL_M-50_HT-1200to2500_allhadrbits.root
semilep 0
singlelepdata 5
intree->GetEntries() 144
Adding ../../../baconbits/baconbits_2Tmu_1BJ_3J_RTT_Mar22017/Summer16_DYJetsToLL_M-50_HT-2500toInf_allhadrbits.root
semilep 0
singlelepdata 3
intree->GetEntries() 9665
Adding ../../../baconbits/baconbits_2Tele_1BJ_3J_RTT_Mar22017/Summer16_DYJetsToLL_M-50_HT-2500toInf_allhadrbits.root
semilep 0
singlelepdata 4
intree->GetEntries() 6193
Adding ../../../baconbits/baconbits_1Tmu1Tele_1BJ_3J_RTT_Mar22017/Summer16_DYJetsToLL_M-50_HT-2500toInf_allhadrbits.root
semilep 0
singlelepdata 5
intree->GetEntries() 138
Adding ../../../baconbits/baconbits_2Tmu_1BJ_3J_RTT_Mar22017/Summer16_WJetsToLNu_HT-70To100_allhadrbits.root
semilep 0
singlelepdata 3
intree->GetEntries() 0
Adding ../../../baconbits/baconbits_2Tele_1BJ_3J_RTT_Mar22017/Summer16_WJetsToLNu_HT-70To100_allhadrbits.root
semilep 0
singlelepdata 4
intree->GetEntries() 0
Adding ../../../baconbits/baconbits_1Tmu1Tele_1BJ_3J_RTT_Mar22017/Summer16_WJetsToLNu_HT-70To100_allhadrbits.root
semilep 0
singlelepdata 5
intree->GetEntries() 0
Adding ../../../baconbits/baconbits_2Tmu_1BJ_3J_RTT_Mar22017/Summer16_WJetsToLNu_HT-100To200_allhadrbits.root
semilep 0
singlelepdata 3
intree->GetEntries() 1
Adding ../../../baconbits/baconbits_2Tele_1BJ_3J_RTT_Mar22017/Summer16_WJetsToLNu_HT-100To200_allhadrbits.root
semilep 0
singlelepdata 4
intree->GetEntries() 1
Adding ../../../baconbits/baconbits_1Tmu1Tele_1BJ_3J_RTT_Mar22017/Summer16_WJetsToLNu_HT-100To200_allhadrbits.root
semilep 0
singlelepdata 5
intree->GetEntries() 5
Adding ../../../baconbits/baconbits_2Tmu_1BJ_3J_RTT_Mar22017/Summer16_WJetsToLNu_HT-200To400_allhadrbits.root
semilep 0
singlelepdata 3
intree->GetEntries() 14
Adding ../../../baconbits/baconbits_2Tele_1BJ_3J_RTT_Mar22017/Summer16_WJetsToLNu_HT-200To400_allhadrbits.root
semilep 0
singlelepdata 4
intree->GetEntries() 33
Adding ../../../baconbits/baconbits_1Tmu1Tele_1BJ_3J_RTT_Mar22017/Summer16_WJetsToLNu_HT-200To400_allhadrbits.root
semilep 0
singlelepdata 5
intree->GetEntries() 31
Adding ../../../baconbits/baconbits_2Tmu_1BJ_3J_RTT_Mar22017/Summer16_WJetsToLNu_HT-400To600_allhadrbits.root
semilep 0
singlelepdata 3
intree->GetEntries() 21
Adding ../../../baconbits/baconbits_2Tele_1BJ_3J_RTT_Mar22017/Summer16_WJetsToLNu_HT-400To600_allhadrbits.root
semilep 0
singlelepdata 4
intree->GetEntries() 18
Adding ../../../baconbits/baconbits_1Tmu1Tele_1BJ_3J_RTT_Mar22017/Summer16_WJetsToLNu_HT-400To600_allhadrbits.root
semilep 0
singlelepdata 5
intree->GetEntries() 42
Adding ../../../baconbits/baconbits_2Tmu_1BJ_3J_RTT_Mar22017/Summer16_WJetsToLNu_HT-600To800_allhadrbits.root
semilep 0
singlelepdata 3
intree->GetEntries() 71
Adding ../../../baconbits/baconbits_2Tele_1BJ_3J_RTT_Mar22017/Summer16_WJetsToLNu_HT-600To800_allhadrbits.root
semilep 0
singlelepdata 4
intree->GetEntries() 70
Adding ../../../baconbits/baconbits_1Tmu1Tele_1BJ_3J_RTT_Mar22017/Summer16_WJetsToLNu_HT-600To800_allhadrbits.root
semilep 0
singlelepdata 5
intree->GetEntries() 163
Adding ../../../baconbits/baconbits_2Tmu_1BJ_3J_RTT_Mar22017/Summer16_WJetsToLNu_HT-800To1200_allhadrbits.root
semilep 0
singlelepdata 3
intree->GetEntries() 32
Adding ../../../baconbits/baconbits_2Tele_1BJ_3J_RTT_Mar22017/Summer16_WJetsToLNu_HT-800To1200_allhadrbits.root
semilep 0
singlelepdata 4
intree->GetEntries() 38
Adding ../../../baconbits/baconbits_1Tmu1Tele_1BJ_3J_RTT_Mar22017/Summer16_WJetsToLNu_HT-800To1200_allhadrbits.root
semilep 0
singlelepdata 5
intree->GetEntries() 85
Adding ../../../baconbits/baconbits_2Tmu_1BJ_3J_RTT_Mar22017/Summer16_WJetsToLNu_HT-1200To2500_allhadrbits.root
semilep 0
singlelepdata 3
intree->GetEntries() 46
Adding ../../../baconbits/baconbits_2Tele_1BJ_3J_RTT_Mar22017/Summer16_WJetsToLNu_HT-1200To2500_allhadrbits.root
semilep 0
singlelepdata 4
intree->GetEntries() 71
Adding ../../../baconbits/baconbits_1Tmu1Tele_1BJ_3J_RTT_Mar22017/Summer16_WJetsToLNu_HT-1200To2500_allhadrbits.root
semilep 0
singlelepdata 5
intree->GetEntries() 115
Adding ../../../baconbits/baconbits_2Tmu_1BJ_3J_RTT_Mar22017/Summer16_WJetsToLNu_HT-2500ToInf_allhadrbits.root
semilep 0
singlelepdata 3
intree->GetEntries() 18
Adding ../../../baconbits/baconbits_2Tele_1BJ_3J_RTT_Mar22017/Summer16_WJetsToLNu_HT-2500ToInf_allhadrbits.root
semilep 0
singlelepdata 4
intree->GetEntries() 29
Adding ../../../baconbits/baconbits_1Tmu1Tele_1BJ_3J_RTT_Mar22017/Summer16_WJetsToLNu_HT-2500ToInf_allhadrbits.root
semilep 0
singlelepdata 5
intree->GetEntries() 54
Adding ../../../baconbits/baconbits_2Tmu_1BJ_3J_RTT_Mar22017/Summer16_TT_powheg_allhadrbits.root
semilep 0
singlelepdata 3
intree->GetEntries() 171723
Adding ../../../baconbits/baconbits_2Tele_1BJ_3J_RTT_Mar22017/Summer16_TT_powheg_allhadrbits.root
semilep 0
singlelepdata 4
intree->GetEntries() 97051
Adding ../../../baconbits/baconbits_1Tmu1Tele_1BJ_3J_RTT_Mar22017/Summer16_TT_powheg_allhadrbits.root
semilep 0
singlelepdata 5
intree->GetEntries() 257182
Adding ../../../baconbits/baconbits_2Tmu_1BJ_3J_RTT_Mar22017/Summer16_TTGJets_allhadrbits.root
semilep 0
singlelepdata 3
intree->GetEntries() 31603
Adding ../../../baconbits/baconbits_2Tele_1BJ_3J_RTT_Mar22017/Summer16_TTGJets_allhadrbits.root
semilep 0
singlelepdata 4
intree->GetEntries() 22090
Adding ../../../baconbits/baconbits_1Tmu1Tele_1BJ_3J_RTT_Mar22017/Summer16_TTGJets_allhadrbits.root
semilep 0
singlelepdata 5
intree->GetEntries() 50334
Adding ../../../baconbits/baconbits_2Tmu_1BJ_3J_RTT_Mar22017/Summer16_TTZToLLNuNu_M-10_allhadrbits.root
semilep 0
singlelepdata 3
intree->GetEntries() 271950
Adding ../../../baconbits/baconbits_2Tele_1BJ_3J_RTT_Mar22017/Summer16_TTZToLLNuNu_M-10_allhadrbits.root
semilep 0
singlelepdata 4
intree->GetEntries() 181731
Adding ../../../baconbits/baconbits_1Tmu1Tele_1BJ_3J_RTT_Mar22017/Summer16_TTZToLLNuNu_M-10_allhadrbits.root
semilep 0
singlelepdata 5
intree->GetEntries() 87548
Adding ../../../baconbits/baconbits_2Tmu_1BJ_3J_RTT_Mar22017/Summer16_TTZToQQ_allhadrbits.root
semilep 0
singlelepdata 3
intree->GetEntries() 2117
Adding ../../../baconbits/baconbits_2Tele_1BJ_3J_RTT_Mar22017/Summer16_TTZToQQ_allhadrbits.root
semilep 0
singlelepdata 4
intree->GetEntries() 1242
Adding ../../../baconbits/baconbits_1Tmu1Tele_1BJ_3J_RTT_Mar22017/Summer16_TTZToQQ_allhadrbits.root
semilep 0
singlelepdata 5
intree->GetEntries() 3106
Adding ../../../baconbits/baconbits_2Tmu_1BJ_3J_RTT_Mar22017/Summer16_TTWJetsToLNu_allhadrbits.root
semilep 0
singlelepdata 3
intree->GetEntries() 76224
Adding ../../../baconbits/baconbits_2Tele_1BJ_3J_RTT_Mar22017/Summer16_TTWJetsToLNu_allhadrbits.root
semilep 0
singlelepdata 4
intree->GetEntries() 46103
Adding ../../../baconbits/baconbits_1Tmu1Tele_1BJ_3J_RTT_Mar22017/Summer16_TTWJetsToLNu_allhadrbits.root
semilep 0
singlelepdata 5
intree->GetEntries() 111505
Adding ../../../baconbits/baconbits_2Tmu_1BJ_3J_RTT_Mar22017/Summer16_TTWJetsToQQ_allhadrbits.root
semilep 0
singlelepdata 3
intree->GetEntries() 2005
Adding ../../../baconbits/baconbits_2Tele_1BJ_3J_RTT_Mar22017/Summer16_TTWJetsToQQ_allhadrbits.root
semilep 0
singlelepdata 4
intree->GetEntries() 1285
Adding ../../../baconbits/baconbits_1Tmu1Tele_1BJ_3J_RTT_Mar22017/Summer16_TTWJetsToQQ_allhadrbits.root
semilep 0
singlelepdata 5
intree->GetEntries() 3227
Adding ../../../baconbits/baconbits_2Tmu_1BJ_3J_RTT_Mar22017/Summer16_QCD_HT100to200_allhadrbits.root
semilep 0
singlelepdata 3
intree->GetEntries() 0
Adding ../../../baconbits/baconbits_2Tele_1BJ_3J_RTT_Mar22017/Summer16_QCD_HT100to200_allhadrbits.root
semilep 0
singlelepdata 4
intree->GetEntries() 0
Adding ../../../baconbits/baconbits_1Tmu1Tele_1BJ_3J_RTT_Mar22017/Summer16_QCD_HT100to200_allhadrbits.root
semilep 0
singlelepdata 5
intree->GetEntries() 0
Adding ../../../baconbits/baconbits_2Tmu_1BJ_3J_RTT_Mar22017/Summer16_QCD_HT200to300_allhadrbits.root
semilep 0
singlelepdata 3
intree->GetEntries() 0
Adding ../../../baconbits/baconbits_2Tele_1BJ_3J_RTT_Mar22017/Summer16_QCD_HT200to300_allhadrbits.root
semilep 0
singlelepdata 4
intree->GetEntries() 0
Adding ../../../baconbits/baconbits_1Tmu1Tele_1BJ_3J_RTT_Mar22017/Summer16_QCD_HT200to300_allhadrbits.root
semilep 0
singlelepdata 5
intree->GetEntries() 0
Adding ../../../baconbits/baconbits_2Tmu_1BJ_3J_RTT_Mar22017/Summer16_QCD_HT300to500_allhadrbits.root
semilep 0
singlelepdata 3
intree->GetEntries() 1
Adding ../../../baconbits/baconbits_2Tele_1BJ_3J_RTT_Mar22017/Summer16_QCD_HT300to500_allhadrbits.root
semilep 0
singlelepdata 4
intree->GetEntries() 0
Adding ../../../baconbits/baconbits_1Tmu1Tele_1BJ_3J_RTT_Mar22017/Summer16_QCD_HT300to500_allhadrbits.root
semilep 0
singlelepdata 5
intree->GetEntries() 0
Adding ../../../baconbits/baconbits_2Tmu_1BJ_3J_RTT_Mar22017/Summer16_QCD_HT500to700_allhadrbits.root
semilep 0
singlelepdata 3
intree->GetEntries() 9
Adding ../../../baconbits/baconbits_2Tele_1BJ_3J_RTT_Mar22017/Summer16_QCD_HT500to700_allhadrbits.root
semilep 0
singlelepdata 4
intree->GetEntries() 1
Adding ../../../baconbits/baconbits_1Tmu1Tele_1BJ_3J_RTT_Mar22017/Summer16_QCD_HT500to700_allhadrbits.root
semilep 0
singlelepdata 5
intree->GetEntries() 1
Adding ../../../baconbits/baconbits_2Tmu_1BJ_3J_RTT_Mar22017/Summer16_QCD_HT700to1000_allhadrbits.root
semilep 0
singlelepdata 3
intree->GetEntries() 11
Adding ../../../baconbits/baconbits_2Tele_1BJ_3J_RTT_Mar22017/Summer16_QCD_HT700to1000_allhadrbits.root
semilep 0
singlelepdata 4
intree->GetEntries() 1
Adding ../../../baconbits/baconbits_1Tmu1Tele_1BJ_3J_RTT_Mar22017/Summer16_QCD_HT700to1000_allhadrbits.root
semilep 0
singlelepdata 5
intree->GetEntries() 1
Adding ../../../baconbits/baconbits_2Tmu_1BJ_3J_RTT_Mar22017/Summer16_QCD_HT1000to1500_allhadrbits.root
semilep 0
singlelepdata 3
intree->GetEntries() 6
Adding ../../../baconbits/baconbits_2Tele_1BJ_3J_RTT_Mar22017/Summer16_QCD_HT1000to1500_allhadrbits.root
semilep 0
singlelepdata 4
intree->GetEntries() 0
Adding ../../../baconbits/baconbits_1Tmu1Tele_1BJ_3J_RTT_Mar22017/Summer16_QCD_HT1000to1500_allhadrbits.root
semilep 0
singlelepdata 5
intree->GetEntries() 1
Adding ../../../baconbits/baconbits_2Tmu_1BJ_3J_RTT_Mar22017/Summer16_QCD_HT1500to2000_allhadrbits.root
semilep 0
singlelepdata 3
intree->GetEntries() 15
Adding ../../../baconbits/baconbits_2Tele_1BJ_3J_RTT_Mar22017/Summer16_QCD_HT1500to2000_allhadrbits.root
semilep 0
singlelepdata 4
intree->GetEntries() 1
Adding ../../../baconbits/baconbits_1Tmu1Tele_1BJ_3J_RTT_Mar22017/Summer16_QCD_HT1500to2000_allhadrbits.root
semilep 0
singlelepdata 5
intree->GetEntries() 1
Adding ../../../baconbits/baconbits_2Tmu_1BJ_3J_RTT_Mar22017/Summer16_QCD_HT2000toInf_allhadrbits.root
semilep 0
singlelepdata 3
intree->GetEntries() 3
Adding ../../../baconbits/baconbits_2Tele_1BJ_3J_RTT_Mar22017/Summer16_QCD_HT2000toInf_allhadrbits.root
semilep 0
singlelepdata 4
intree->GetEntries() 1
Adding ../../../baconbits/baconbits_1Tmu1Tele_1BJ_3J_RTT_Mar22017/Summer16_QCD_HT2000toInf_allhadrbits.root
semilep 0
singlelepdata 5
intree->GetEntries() 0

 <> Bkg2_TnPRTTTempl_2TL_1BJ_3J_MET40_Mar32017.root created!

 nentries 1058946
 neventsv   78784.99
ReformatRunAllHadronicSelectionOutForTnP: Real Time =  40.99 seconds Cpu Time =  36.19 seconds
